# JRE version: OpenJDK Runtime Environment Temurin-21.0.8+9 (21.0.8+9) (build 21.0.8+9-LTS)
# Java VM: OpenJDK 64-Bit Server VM Temurin-21.0.8+9 (21.0.8+9-LTS, mixed mode, sharing, tiered, compressed oops, compressed class ptrs, g1 gc, windows-amd64)
GC Precious Log:
 CardTable entry size: 512
 Card Set container configuration: InlinePtr #cards 4 size 8 Array Of Cards #cards 16 size 48 Howl #buckets 8 coarsen threshold 3686 Howl Bitmap #cards 512 size 80 coarsen threshold 460 Card regions per heap region 1 cards per card region 4096
 CPUs: 16 total, 16 available
 Memory: 16027M
 Large Page Support: Disabled
 NUMA Support: Disabled
 Compressed Oops: Enabled (Zero based)
 Heap Region Size: 2M
 Heap Min Capacity: 8M
 Heap Initial Capacity: 252M
 Heap Max Capacity: 4008M
 Pre-touch: Disabled
 Parallel Workers: 13
 Concurrent Workers: 3
 Concurrent Refinement Workers: 13
 Periodic GC: Disabled
Heap:
 garbage-first heap   total 108544K, used 43270K [0x0000000705800000, 0x0000000800000000)
  region size 2048K, 12 young (24576K), 1 survivors (2048K)
 Metaspace       used 28579K, committed 28992K, reserved 1114112K
  class space    used 4160K, committed 4352K, reserved 1048576K
GC Heap History (14 events):
Event: 4.832 GC heap before
{Heap before GC invocations=0 (full 0):
 garbage-first heap   total 258048K, used 22528K [0x0000000705800000, 0x0000000800000000)
  region size 2048K, 11 young (22528K), 0 survivors (0K)
 Metaspace       used 7818K, committed 8000K, reserved 1114112K
  class space    used 922K, committed 1024K, reserved 1048576K
}
Event: 4.836 GC heap after
{Heap after GC invocations=1 (full 0):
 garbage-first heap   total 258048K, used 4587K [0x0000000705800000, 0x0000000800000000)
  region size 2048K, 2 young (4096K), 2 survivors (4096K)
 Metaspace       used 7818K, committed 8000K, reserved 1114112K
  class space    used 922K, committed 1024K, reserved 1048576K
}
Event: 17.431 GC heap before
{Heap before GC invocations=1 (full 0):
 garbage-first heap   total 258048K, used 29163K [0x0000000705800000, 0x0000000800000000)
  region size 2048K, 15 young (30720K), 2 survivors (4096K)
 Metaspace       used 12691K, committed 12864K, reserved 1114112K
  class space    used 1476K, committed 1536K, reserved 1048576K
}
Event: 17.438 GC heap after
{Heap after GC invocations=2 (full 0):
 garbage-first heap   total 258048K, used 7304K [0x0000000705800000, 0x0000000800000000)
  region size 2048K, 2 young (4096K), 2 survivors (4096K)
 Metaspace       used 12691K, committed 12864K, reserved 1114112K
  class space    used 1476K, committed 1536K, reserved 1048576K
}
Event: 45.594 GC heap before
{Heap before GC invocations=2 (full 0):
 garbage-first heap   total 258048K, used 115848K [0x0000000705800000, 0x0000000800000000)
  region size 2048K, 55 young (112640K), 2 survivors (4096K)
 Metaspace       used 21126K, committed 21504K, reserved 1114112K
  class space    used 2810K, committed 3008K, reserved 1048576K
}
Event: 45.603 GC heap after
{Heap after GC invocations=3 (full 0):
 garbage-first heap   total 258048K, used 24178K [0x0000000705800000, 0x0000000800000000)
  region size 2048K, 8 young (16384K), 8 survivors (16384K)
 Metaspace       used 21126K, committed 21504K, reserved 1114112K
  class space    used 2810K, committed 3008K, reserved 1048576K
}
Event: 46.530 GC heap before
{Heap before GC invocations=4 (full 0):
 garbage-first heap   total 90112K, used 87666K [0x0000000705800000, 0x0000000800000000)
  region size 2048K, 39 young (79872K), 8 survivors (16384K)
 Metaspace       used 26343K, committed 26752K, reserved 1114112K
  class space    used 3856K, committed 4032K, reserved 1048576K
}
Event: 46.537 GC heap after
{Heap after GC invocations=5 (full 0):
 garbage-first heap   total 108544K, used 25452K [0x0000000705800000, 0x0000000800000000)
  region size 2048K, 2 young (4096K), 2 survivors (4096K)
 Metaspace       used 26343K, committed 26752K, reserved 1114112K
  class space    used 3856K, committed 4032K, reserved 1048576K
}
Event: 46.946 GC heap before
{Heap before GC invocations=5 (full 0):
 garbage-first heap   total 108544K, used 80748K [0x0000000705800000, 0x0000000800000000)
  region size 2048K, 30 young (61440K), 2 survivors (4096K)
 Metaspace       used 26343K, committed 26752K, reserved 1114112K
  class space    used 3856K, committed 4032K, reserved 1048576K
}
Event: 46.949 GC heap after
{Heap after GC invocations=6 (full 0):
 garbage-first heap   total 108544K, used 25017K [0x0000000705800000, 0x0000000800000000)
  region size 2048K, 1 young (2048K), 1 survivors (2048K)
 Metaspace       used 26343K, committed 26752K, reserved 1114112K
  class space    used 3856K, committed 4032K, reserved 1048576K
}
Event: 47.397 GC heap before
{Heap before GC invocations=6 (full 0):
 garbage-first heap   total 108544K, used 84409K [0x0000000705800000, 0x0000000800000000)
  region size 2048K, 31 young (63488K), 1 survivors (2048K)
 Metaspace       used 26343K, committed 26752K, reserved 1114112K
  class space    used 3856K, committed 4032K, reserved 1048576K
}
Event: 47.399 GC heap after
{Heap after GC invocations=7 (full 0):
 garbage-first heap   total 108544K, used 25199K [0x0000000705800000, 0x0000000800000000)
  region size 2048K, 1 young (2048K), 1 survivors (2048K)
 Metaspace       used 26343K, committed 26752K, reserved 1114112K
  class space    used 3856K, committed 4032K, reserved 1048576K
}
Event: 47.898 GC heap before
{Heap before GC invocations=7 (full 0):
 garbage-first heap   total 108544K, used 86639K [0x0000000705800000, 0x0000000800000000)
  region size 2048K, 31 young (63488K), 1 survivors (2048K)
 Metaspace       used 26343K, committed 26752K, reserved 1114112K
  class space    used 3856K, committed 4032K, reserved 1048576K
}
Event: 47.900 GC heap after
{Heap after GC invocations=8 (full 0):
 garbage-first heap   total 108544K, used 24838K [0x0000000705800000, 0x0000000800000000)
  region size 2048K, 1 young (2048K), 1 survivors (2048K)
 Metaspace       used 26343K, committed 26752K, reserved 1114112K
  class space    used 3856K, committed 4032K, reserved 1048576K
}

